<?xml version="1.0" encoding="UTF-8"?>
<testng-results ignored="0" total="5" passed="5" failed="0" skipped="0">
  <reporter-output>
  </reporter-output>
  <suite started-at="2025-08-24T15:14:11 IST" name="SauceDemoTestSuite" finished-at="2025-08-24T15:14:35 IST" duration-ms="24264">
    <groups>
    </groups>
    <test started-at="2025-08-24T15:14:11 IST" name="SauceDemoTests" finished-at="2025-08-24T15:14:35 IST" duration-ms="24264">
      <class name="tests.LoginTest">
        <test-method is-config="true" signature="setupReport()[pri:0, instance:tests.LoginTest@43bc63a3]" started-at="2025-08-24T15:14:11 IST" name="setupReport" finished-at="2025-08-24T15:14:11 IST" duration-ms="508" status="PASS">
          <reporter-output>
          </reporter-output>
        </test-method> <!-- setupReport -->
        <test-method is-config="true" signature="setUp(java.lang.String,java.lang.reflect.Method)[pri:0, instance:tests.LoginTest@43bc63a3]" started-at="2025-08-24T15:14:11 IST" name="setUp" finished-at="2025-08-24T15:14:17 IST" duration-ms="5762" status="PASS">
          <params>
            <param index="0">
              <value>
                <![CDATA[chrome]]>
              </value>
            </param>
            <param index="1">
              <value>
                <![CDATA[public void tests.LoginTest.testInvalidLogin()]]>
              </value>
            </param>
          </params>
          <reporter-output>
          </reporter-output>
        </test-method> <!-- setUp -->
        <test-method signature="testInvalidLogin()[pri:0, instance:tests.LoginTest@43bc63a3]" started-at="2025-08-24T15:14:17 IST" name="testInvalidLogin" description="Verify login failure with invalid credentials" finished-at="2025-08-24T15:14:18 IST" duration-ms="717" status="PASS">
          <reporter-output>
          </reporter-output>
        </test-method> <!-- testInvalidLogin -->
        <test-method is-config="true" signature="tearDown(org.testng.ITestResult)[pri:0, instance:tests.LoginTest@43bc63a3]" started-at="2025-08-24T15:14:18 IST" name="tearDown" finished-at="2025-08-24T15:14:18 IST" duration-ms="380" status="PASS">
          <params>
            <param index="0">
              <value>
                <![CDATA[[TestResult name=testInvalidLogin status=SUCCESS method=LoginTest.testInvalidLogin()[pri:0, instance:tests.LoginTest@43bc63a3] output={null}]]]>
              </value>
            </param>
          </params>
          <reporter-output>
          </reporter-output>
        </test-method> <!-- tearDown -->
        <test-method is-config="true" signature="setUp(java.lang.String,java.lang.reflect.Method)[pri:0, instance:tests.LoginTest@43bc63a3]" started-at="2025-08-24T15:14:18 IST" name="setUp" finished-at="2025-08-24T15:14:20 IST" duration-ms="1684" status="PASS">
          <params>
            <param index="0">
              <value>
                <![CDATA[chrome]]>
              </value>
            </param>
            <param index="1">
              <value>
                <![CDATA[public void tests.LoginTest.testValidLogin()]]>
              </value>
            </param>
          </params>
          <reporter-output>
          </reporter-output>
        </test-method> <!-- setUp -->
        <test-method signature="testValidLogin()[pri:0, instance:tests.LoginTest@43bc63a3]" started-at="2025-08-24T15:14:20 IST" name="testValidLogin" description="Verify successful login with valid credentials" finished-at="2025-08-24T15:14:21 IST" duration-ms="1421" status="PASS">
          <reporter-output>
          </reporter-output>
        </test-method> <!-- testValidLogin -->
        <test-method is-config="true" signature="tearDown(org.testng.ITestResult)[pri:0, instance:tests.LoginTest@43bc63a3]" started-at="2025-08-24T15:14:21 IST" name="tearDown" finished-at="2025-08-24T15:14:21 IST" duration-ms="312" status="PASS">
          <params>
            <param index="0">
              <value>
                <![CDATA[[TestResult name=testValidLogin status=SUCCESS method=LoginTest.testValidLogin()[pri:0, instance:tests.LoginTest@43bc63a3] output={null}]]]>
              </value>
            </param>
          </params>
          <reporter-output>
          </reporter-output>
        </test-method> <!-- tearDown -->
        <test-method is-config="true" signature="flushReport()[pri:0, instance:tests.LoginTest@43bc63a3]" started-at="2025-08-24T15:14:35 IST" name="flushReport" finished-at="2025-08-24T15:14:36 IST" duration-ms="506" status="PASS">
          <reporter-output>
          </reporter-output>
        </test-method> <!-- flushReport -->
      </class> <!-- tests.LoginTest -->
      <class name="tests.CartTest">
        <test-method is-config="true" signature="setUp(java.lang.String,java.lang.reflect.Method)[pri:0, instance:tests.CartTest@6743e411]" started-at="2025-08-24T15:14:25 IST" name="setUp" finished-at="2025-08-24T15:14:27 IST" duration-ms="1604" status="PASS">
          <params>
            <param index="0">
              <value>
                <![CDATA[chrome]]>
              </value>
            </param>
            <param index="1">
              <value>
                <![CDATA[public void tests.CartTest.testCartOperations()]]>
              </value>
            </param>
          </params>
          <reporter-output>
          </reporter-output>
        </test-method> <!-- setUp -->
        <test-method is-config="true" signature="loginAndNavigateToHome()[pri:0, instance:tests.CartTest@6743e411]" started-at="2025-08-24T15:14:27 IST" name="loginAndNavigateToHome" finished-at="2025-08-24T15:14:28 IST" duration-ms="1004" status="PASS">
          <reporter-output>
          </reporter-output>
        </test-method> <!-- loginAndNavigateToHome -->
        <test-method signature="testCartOperations()[pri:0, instance:tests.CartTest@6743e411]" started-at="2025-08-24T15:14:28 IST" name="testCartOperations" finished-at="2025-08-24T15:14:29 IST" duration-ms="1246" status="PASS">
          <reporter-output>
          </reporter-output>
        </test-method> <!-- testCartOperations -->
        <test-method is-config="true" signature="tearDown(org.testng.ITestResult)[pri:0, instance:tests.CartTest@6743e411]" started-at="2025-08-24T15:14:29 IST" name="tearDown" finished-at="2025-08-24T15:14:29 IST" duration-ms="272" status="PASS">
          <params>
            <param index="0">
              <value>
                <![CDATA[[TestResult name=testCartOperations status=SUCCESS method=CartTest.testCartOperations()[pri:0, instance:tests.CartTest@6743e411] output={null}]]]>
              </value>
            </param>
          </params>
          <reporter-output>
          </reporter-output>
        </test-method> <!-- tearDown -->
      </class> <!-- tests.CartTest -->
      <class name="tests.ProductTest">
        <test-method is-config="true" signature="setUp(java.lang.String,java.lang.reflect.Method)[pri:0, instance:tests.ProductTest@5b12b668]" started-at="2025-08-24T15:14:21 IST" name="setUp" finished-at="2025-08-24T15:14:23 IST" duration-ms="1799" status="PASS">
          <params>
            <param index="0">
              <value>
                <![CDATA[chrome]]>
              </value>
            </param>
            <param index="1">
              <value>
                <![CDATA[public void tests.ProductTest.testProductFilteringLowToHigh()]]>
              </value>
            </param>
          </params>
          <reporter-output>
          </reporter-output>
        </test-method> <!-- setUp -->
        <test-method is-config="true" signature="loginToApplication()[pri:0, instance:tests.ProductTest@5b12b668]" started-at="2025-08-24T15:14:23 IST" name="loginToApplication" finished-at="2025-08-24T15:14:24 IST" duration-ms="925" status="PASS">
          <reporter-output>
          </reporter-output>
        </test-method> <!-- loginToApplication -->
        <test-method signature="testProductFilteringLowToHigh()[pri:0, instance:tests.ProductTest@5b12b668]" started-at="2025-08-24T15:14:24 IST" name="testProductFilteringLowToHigh" description="Verify product filtering by price low to high" finished-at="2025-08-24T15:14:25 IST" duration-ms="467" status="PASS">
          <reporter-output>
          </reporter-output>
        </test-method> <!-- testProductFilteringLowToHigh -->
        <test-method is-config="true" signature="tearDown(org.testng.ITestResult)[pri:0, instance:tests.ProductTest@5b12b668]" started-at="2025-08-24T15:14:25 IST" name="tearDown" finished-at="2025-08-24T15:14:25 IST" duration-ms="346" status="PASS">
          <params>
            <param index="0">
              <value>
                <![CDATA[[TestResult name=testProductFilteringLowToHigh status=SUCCESS method=ProductTest.testProductFilteringLowToHigh()[pri:0, instance:tests.ProductTest@5b12b668] output={null}]]]>
              </value>
            </param>
          </params>
          <reporter-output>
          </reporter-output>
        </test-method> <!-- tearDown -->
      </class> <!-- tests.ProductTest -->
      <class name="tests.CheckoutTest">
        <test-method is-config="true" signature="setUp(java.lang.String,java.lang.reflect.Method)[pri:0, instance:tests.CheckoutTest@3eb25e1a]" started-at="2025-08-24T15:14:29 IST" name="setUp" finished-at="2025-08-24T15:14:31 IST" duration-ms="1694" status="PASS">
          <params>
            <param index="0">
              <value>
                <![CDATA[chrome]]>
              </value>
            </param>
            <param index="1">
              <value>
                <![CDATA[public void tests.CheckoutTest.testCompleteCheckoutProcess()]]>
              </value>
            </param>
          </params>
          <reporter-output>
          </reporter-output>
        </test-method> <!-- setUp -->
        <test-method is-config="true" signature="setupForCheckout()[pri:0, instance:tests.CheckoutTest@3eb25e1a]" started-at="2025-08-24T15:14:31 IST" name="setupForCheckout" finished-at="2025-08-24T15:14:33 IST" duration-ms="1862" status="PASS">
          <reporter-output>
          </reporter-output>
        </test-method> <!-- setupForCheckout -->
        <test-method signature="testCompleteCheckoutProcess()[pri:0, instance:tests.CheckoutTest@3eb25e1a]" started-at="2025-08-24T15:14:33 IST" name="testCompleteCheckoutProcess" description="Verify complete checkout process" finished-at="2025-08-24T15:14:35 IST" duration-ms="2418" status="PASS">
          <reporter-output>
          </reporter-output>
        </test-method> <!-- testCompleteCheckoutProcess -->
        <test-method is-config="true" signature="tearDown(org.testng.ITestResult)[pri:0, instance:tests.CheckoutTest@3eb25e1a]" started-at="2025-08-24T15:14:35 IST" name="tearDown" finished-at="2025-08-24T15:14:35 IST" duration-ms="274" status="PASS">
          <params>
            <param index="0">
              <value>
                <![CDATA[[TestResult name=testCompleteCheckoutProcess status=SUCCESS method=CheckoutTest.testCompleteCheckoutProcess()[pri:0, instance:tests.CheckoutTest@3eb25e1a] output={null}]]]>
              </value>
            </param>
          </params>
          <reporter-output>
          </reporter-output>
        </test-method> <!-- tearDown -->
      </class> <!-- tests.CheckoutTest -->
    </test> <!-- SauceDemoTests -->
  </suite> <!-- SauceDemoTestSuite -->
</testng-results>
