<?xml version="1.0" encoding="UTF-8"?>
<!-- Generated by org.testng.reporters.JUnitXMLReporter -->
<testsuite ignored="6" hostname="DESKTOP-S7SOFT1" failures="0" tests="5" name="SauceDemoTests" time="24.264" errors="0" timestamp="2025-08-24T15:14:35 IST">
  <testcase classname="tests.LoginTest" name="testInvalidLogin" time="0.717"/>
  <testcase classname="tests.LoginTest" name="testValidLogin" time="1.421"/>
  <testcase classname="tests.ProductTest" name="testProductFilteringLowToHigh" time="0.467"/>
  <testcase classname="tests.CartTest" name="testCartOperations" time="1.246"/>
  <testcase classname="tests.CheckoutTest" name="testCompleteCheckoutProcess" time="2.418"/>
  <testcase classname="base.BaseTest" name="@BeforeSuite setupReport" time="0.0">
    <ignored/>
  </testcase> <!-- @BeforeSuite setupReport -->
  <testcase classname="base.BaseTest" name="@AfterSuite flushReport" time="0.0">
    <ignored/>
  </testcase> <!-- @AfterSuite flushReport -->
  <testcase classname="base.BaseTest" name="@AfterSuite flushReport" time="0.0">
    <ignored/>
  </testcase> <!-- @AfterSuite flushReport -->
  <testcase classname="base.BaseTest" name="@BeforeSuite setupReport" time="0.0">
    <ignored/>
  </testcase> <!-- @BeforeSuite setupReport -->
  <testcase classname="base.BaseTest" name="@AfterSuite flushReport" time="0.0">
    <ignored/>
  </testcase> <!-- @AfterSuite flushReport -->
  <testcase classname="base.BaseTest" name="@BeforeSuite setupReport" time="0.0">
    <ignored/>
  </testcase> <!-- @BeforeSuite setupReport -->
</testsuite> <!-- SauceDemoTests -->
